The "poetry.dev-dependencies" section is deprecated and will be removed in a future version. Use "poetry.group.dev.dependencies" instead.
Creating virtualenv tgcf-e_a6CPcz-py3.12 in /root/.cache/pypoetry/virtualenvs
Warning: 'tgcf-web' is an entry point defined in pyproject.toml, but it's not installed as a script. You may get improper `sys.argv[0]`.

The support to run uninstalled scripts will be removed in a future release.

Run `poetry install` to resolve and get rid of this message.

Traceback (most recent call last):
  File "<string>", line 1, in <module>
  File "/usr/lib/python3.12/importlib/__init__.py", line 90, in import_module
    return _bootstrap._gcd_import(name[level:], package, level)
           ^^^^^^^^^^^^^^^^^^^^^^^^^^^^^^^^^^^^^^^^^^^^^^^^^^^^
  File "<frozen importlib._bootstrap>", line 1387, in _gcd_import
  File "<frozen importlib._bootstrap>", line 1360, in _find_and_load
  File "<frozen importlib._bootstrap>", line 1331, in _find_and_load_unlocked
  File "<frozen importlib._bootstrap>", line 935, in _load_unlocked
  File "<frozen importlib._bootstrap_external>", line 995, in exec_module
  File "<frozen importlib._bootstrap>", line 488, in _call_with_frames_removed
  File "/home/ubuntu/tgcf/tgcf/web_ui/run.py", line 5, in <module>
    from tgcf.config import CONFIG
  File "/home/ubuntu/tgcf/tgcf/config.py", line 8, in <module>
    from dotenv import load_dotenv
ModuleNotFoundError: No module named 'dotenv'
The "poetry.dev-dependencies" section is deprecated and will be removed in a future version. Use "poetry.group.dev.dependencies" instead.
Warning: 'tgcf-web' is an entry point defined in pyproject.toml, but it's not installed as a script. You may get improper `sys.argv[0]`.

The support to run uninstalled scripts will be removed in a future release.

Run `poetry install` to resolve and get rid of this message.

Traceback (most recent call last):
  File "<string>", line 1, in <module>
  File "/usr/lib/python3.12/importlib/__init__.py", line 90, in import_module
    return _bootstrap._gcd_import(name[level:], package, level)
           ^^^^^^^^^^^^^^^^^^^^^^^^^^^^^^^^^^^^^^^^^^^^^^^^^^^^
  File "<frozen importlib._bootstrap>", line 1387, in _gcd_import
  File "<frozen importlib._bootstrap>", line 1360, in _find_and_load
  File "<frozen importlib._bootstrap>", line 1331, in _find_and_load_unlocked
  File "<frozen importlib._bootstrap>", line 935, in _load_unlocked
  File "<frozen importlib._bootstrap_external>", line 995, in exec_module
  File "<frozen importlib._bootstrap>", line 488, in _call_with_frames_removed
  File "/home/ubuntu/tgcf/tgcf/web_ui/run.py", line 5, in <module>
    from tgcf.config import CONFIG
  File "/home/ubuntu/tgcf/tgcf/config.py", line 8, in <module>
    from dotenv import load_dotenv
ModuleNotFoundError: No module named 'dotenv'
The "poetry.dev-dependencies" section is deprecated and will be removed in a future version. Use "poetry.group.dev.dependencies" instead.
Warning: 'tgcf-web' is an entry point defined in pyproject.toml, but it's not installed as a script. You may get improper `sys.argv[0]`.

The support to run uninstalled scripts will be removed in a future release.

Run `poetry install` to resolve and get rid of this message.

Traceback (most recent call last):
  File "<string>", line 1, in <module>
  File "/usr/lib/python3.12/importlib/__init__.py", line 90, in import_module
    return _bootstrap._gcd_import(name[level:], package, level)
           ^^^^^^^^^^^^^^^^^^^^^^^^^^^^^^^^^^^^^^^^^^^^^^^^^^^^
  File "<frozen importlib._bootstrap>", line 1387, in _gcd_import
  File "<frozen importlib._bootstrap>", line 1360, in _find_and_load
  File "<frozen importlib._bootstrap>", line 1331, in _find_and_load_unlocked
  File "<frozen importlib._bootstrap>", line 935, in _load_unlocked
  File "<frozen importlib._bootstrap_external>", line 995, in exec_module
  File "<frozen importlib._bootstrap>", line 488, in _call_with_frames_removed
  File "/home/ubuntu/tgcf/tgcf/web_ui/run.py", line 5, in <module>
    from tgcf.config import CONFIG
  File "/home/ubuntu/tgcf/tgcf/config.py", line 8, in <module>
    from dotenv import load_dotenv
ModuleNotFoundError: No module named 'dotenv'
The "poetry.dev-dependencies" section is deprecated and will be removed in a future version. Use "poetry.group.dev.dependencies" instead.
Warning: 'tgcf-web' is an entry point defined in pyproject.toml, but it's not installed as a script. You may get improper `sys.argv[0]`.

The support to run uninstalled scripts will be removed in a future release.

Run `poetry install` to resolve and get rid of this message.

Traceback (most recent call last):
  File "<string>", line 1, in <module>
  File "/usr/lib/python3.12/importlib/__init__.py", line 90, in import_module
    return _bootstrap._gcd_import(name[level:], package, level)
           ^^^^^^^^^^^^^^^^^^^^^^^^^^^^^^^^^^^^^^^^^^^^^^^^^^^^
  File "<frozen importlib._bootstrap>", line 1387, in _gcd_import
  File "<frozen importlib._bootstrap>", line 1360, in _find_and_load
  File "<frozen importlib._bootstrap>", line 1331, in _find_and_load_unlocked
  File "<frozen importlib._bootstrap>", line 935, in _load_unlocked
  File "<frozen importlib._bootstrap_external>", line 995, in exec_module
  File "<frozen importlib._bootstrap>", line 488, in _call_with_frames_removed
  File "/home/ubuntu/tgcf/tgcf/web_ui/run.py", line 5, in <module>
    from tgcf.config import CONFIG
  File "/home/ubuntu/tgcf/tgcf/config.py", line 8, in <module>
    from dotenv import load_dotenv
ModuleNotFoundError: No module named 'dotenv'
The "poetry.dev-dependencies" section is deprecated and will be removed in a future version. Use "poetry.group.dev.dependencies" instead.
WARNING:root:You have not set a password to protect the web access to tgcf.
The default password `tgcf` is used.
Traceback (most recent call last):
  File "<string>", line 1, in <module>
  File "/usr/lib/python3.12/importlib/__init__.py", line 90, in import_module
    return _bootstrap._gcd_import(name[level:], package, level)
           ^^^^^^^^^^^^^^^^^^^^^^^^^^^^^^^^^^^^^^^^^^^^^^^^^^^^
  File "<frozen importlib._bootstrap>", line 1387, in _gcd_import
  File "<frozen importlib._bootstrap>", line 1360, in _find_and_load
  File "<frozen importlib._bootstrap>", line 1331, in _find_and_load_unlocked
  File "<frozen importlib._bootstrap>", line 935, in _load_unlocked
  File "<frozen importlib._bootstrap_external>", line 995, in exec_module
  File "<frozen importlib._bootstrap>", line 488, in _call_with_frames_removed
  File "/home/ubuntu/tgcf/tgcf/web_ui/run.py", line 7, in <module>
    package_dir = resources.path(package=wu, resource="").__enter__()
                  ^^^^^^^^^^^^^^^^^^^^^^^^^^^^^^^^^^^^^^^
  File "/usr/lib/python3.12/importlib/resources/_legacy.py", line 25, in wrapper
    return func(*args, **kwargs)
           ^^^^^^^^^^^^^^^^^^^^^
  File "/usr/lib/python3.12/importlib/resources/_legacy.py", line 120, in path
    return _common.as_file(_common.files(package) / normalize_path(resource))
                           ~~~~~~~~~~~~~~~~~~~~~~~^~~~~~~~~~~~~~~~~~~~~~~~~~
  File "/usr/lib/python3.12/importlib/resources/abc.py", line 133, in __truediv__
    return self.joinpath(child)
           ^^^^^^^^^^^^^^^^^^^^
  File "/usr/lib/python3.12/importlib/resources/readers.py", line 92, in joinpath
    return super().joinpath(*descendants)
           ^^^^^^^^^^^^^^^^^^^^^^^^^^^^^^
  File "/usr/lib/python3.12/importlib/resources/abc.py", line 117, in joinpath
    target = next(names)
             ^^^^^^^^^^^
StopIteration
The "poetry.dev-dependencies" section is deprecated and will be removed in a future version. Use "poetry.group.dev.dependencies" instead.
WARNING:root:You have not set a password to protect the web access to tgcf.
The default password `tgcf` is used.

  You can now view your Streamlit app in your browser.

  Local URL: http://localhost:8501
  Network URL: http://172.21.91.35:8501
  External URL: http://36.255.89.187:8501

WARNING:root:You have not set a password to protect the web access to tgcf.
The default password `tgcf` is used.
rm: cannot remove 'logs_n_lines.txt': No such file or directory
The "poetry.dev-dependencies" section is deprecated and will be removed in a future version. Use "poetry.group.dev.dependencies" instead.
Warning: 'tgcf-web' is an entry point defined in pyproject.toml, but it's not installed as a script. You may get improper `sys.argv[0]`.

The support to run uninstalled scripts will be removed in a future release.

Run `poetry install` to resolve and get rid of this message.

Traceback (most recent call last):
  File "<string>", line 1, in <module>
  File "/usr/lib/python3.12/importlib/__init__.py", line 90, in import_module
    return _bootstrap._gcd_import(name[level:], package, level)
           ^^^^^^^^^^^^^^^^^^^^^^^^^^^^^^^^^^^^^^^^^^^^^^^^^^^^
  File "<frozen importlib._bootstrap>", line 1387, in _gcd_import
  File "<frozen importlib._bootstrap>", line 1360, in _find_and_load
  File "<frozen importlib._bootstrap>", line 1331, in _find_and_load_unlocked
  File "<frozen importlib._bootstrap>", line 935, in _load_unlocked
  File "<frozen importlib._bootstrap_external>", line 995, in exec_module
  File "<frozen importlib._bootstrap>", line 488, in _call_with_frames_removed
  File "/home/ubuntu/tgcf/tgcf/web_ui/run.py", line 5, in <module>
    from tgcf.config import CONFIG
  File "/home/ubuntu/tgcf/tgcf/config.py", line 10, in <module>
    from pymongo import MongoClient
ModuleNotFoundError: No module named 'pymongo'
